[06mei2025 20:48:20.746] [main/INFO] [cpw.mods.modlauncher.Launcher/MODLAUNCHER]: ModLauncher running: args [--launchTarget, forgedatauserdev, --assetIndex, 5, --assetsDir, C:\Users\dylan\.gradle\caches\forge_gradle\assets, --gameDir, ., --fml.forgeVersion, 47.2.0, --fml.mcVersion, 1.20.1, --fml.forgeGroup, net.minecraftforge, --fml.mcpVersion, 20230612.114412, --mod, bountiful_critters, --all, --output, C:\Program Files\workspaces\bountiful-critters-forge-1.20.1-workspace\src\generated\resources, --existing, C:\Program Files\workspaces\bountiful-critters-forge-1.20.1-workspace\src\main\resources, --mixin.config, bountiful_critters.mixins.json]
[06mei2025 20:48:20.757] [main/INFO] [cpw.mods.modlauncher.Launcher/MODLAUNCHER]: ModLauncher 10.0.9+10.0.9+main.dcd20f30 starting: java version 17.0.8.1 by Eclipse Adoptium; OS Windows 11 arch amd64 version 10.0
[06mei2025 20:48:20.930] [main/INFO] [net.minecraftforge.fml.loading.ImmediateWindowHandler/]: ImmediateWindowProvider not loading because launch target is forgedatauserdev
[06mei2025 20:48:20.974] [main/INFO] [mixin/]: SpongePowered MIXIN Subsystem Version=0.8.5 Source=union:/C:/Users/dylan/.gradle/caches/modules-2/files-2.1/org.spongepowered/mixin/0.8.5/9d1c0c3a304ae6697ecd477218fa61b850bf57fc/mixin-0.8.5.jar%23128!/ Service=ModLauncher Env=CLIENT
[06mei2025 20:48:21.379] [main/WARN] [net.minecraftforge.fml.loading.moddiscovery.ModFileParser/LOADING]: Mod file C:\Users\dylan\.gradle\caches\modules-2\files-2.1\net.minecraftforge\javafmllanguage\1.20.1-47.2.0\7f9181f85acc66547685a72020713fc8cbde98\javafmllanguage-1.20.1-47.2.0.jar is missing mods.toml file
[06mei2025 20:48:21.383] [main/WARN] [net.minecraftforge.fml.loading.moddiscovery.ModFileParser/LOADING]: Mod file C:\Users\dylan\.gradle\caches\modules-2\files-2.1\net.minecraftforge\lowcodelanguage\1.20.1-47.2.0\7872f5205685fdd26fae39b1be79b0e60ca5b7bd\lowcodelanguage-1.20.1-47.2.0.jar is missing mods.toml file
[06mei2025 20:48:21.387] [main/WARN] [net.minecraftforge.fml.loading.moddiscovery.ModFileParser/LOADING]: Mod file C:\Users\dylan\.gradle\caches\modules-2\files-2.1\net.minecraftforge\mclanguage\1.20.1-47.2.0\d501d161cabed08b3c139a2c6217b02a39f3c3e9\mclanguage-1.20.1-47.2.0.jar is missing mods.toml file
[06mei2025 20:48:21.389] [main/WARN] [net.minecraftforge.fml.loading.moddiscovery.ModFileParser/LOADING]: Mod file C:\Users\dylan\.gradle\caches\modules-2\files-2.1\net.minecraftforge\fmlcore\1.20.1-47.2.0\ffd3c6debac0a388c9e33ac43c9f5eafb91cb466\fmlcore-1.20.1-47.2.0.jar is missing mods.toml file
[06mei2025 20:48:21.538] [main/INFO] [net.minecraftforge.fml.loading.moddiscovery.JarInJarDependencyLocator/]: Found 1 dependencies adding them to mods collection
[06mei2025 20:48:22.792] [main/WARN] [mixin/]: Compatibility level JAVA_17 specified by bountiful_critters.mixins.json is higher than the maximum level supported by this version of mixin (JAVA_13).
[06mei2025 20:48:22.792] [main/INFO] [mixin/]: Compatibility level set to JAVA_17
[06mei2025 20:48:22.797] [main/INFO] [cpw.mods.modlauncher.LaunchServiceHandler/MODLAUNCHER]: Launching target 'forgedatauserdev' with arguments [--gameDir, ., --assetsDir, C:\Users\dylan\.gradle\caches\forge_gradle\assets, --assetIndex, 5, --mod, bountiful_critters, --all, --output, C:\Program Files\workspaces\bountiful-critters-forge-1.20.1-workspace\src\generated\resources, --existing, C:\Program Files\workspaces\bountiful-critters-forge-1.20.1-workspace\src\main\resources]
[06mei2025 20:48:22.866] [main/INFO] [mixin/]: Attempting to load Fernflower decompiler (Threaded mode)
[06mei2025 20:48:22.867] [main/INFO] [mixin/]: Fernflower could not be loaded, exported classes will not be decompiled. NoClassDefFoundError: org/jetbrains/java/decompiler/main/extern/IResultSaver
[06mei2025 20:48:22.874] [main/INFO] [mixin/]: Preparing mixins for MixinEnvironment[DEFAULT]
[06mei2025 20:48:22.874] [main/INFO] [mixin/]: Selecting config bountiful_critters.mixins.json
[06mei2025 20:48:22.880] [main/INFO] [mixin/]: Selecting config geckolib.mixins.json
[06mei2025 20:48:23.093] [main/INFO] [mixin/]: Remapping refMap geckolib.refmap.json using C:\Program Files\workspaces\bountiful-critters-forge-1.20.1-workspace\build\createSrgToMcp\output.srg
[06mei2025 20:48:23.093] [main/INFO] [mixin/]: Preparing bountiful_critters.mixins.json (4)
[06mei2025 20:48:23.138] [main/INFO] [mixin/]: Preparing geckolib.mixins.json (1)
[06mei2025 20:48:23.170] [main/INFO] [mixin/]: Prepared 5 mixins in 0,295 sec (59,0ms avg) (0ms load, 0ms transform, 0ms plugin)
[06mei2025 20:48:23.451] [main/INFO] [net.minecraftforge.data.loading.DatagenModLoader/]: Initializing Data Gatherer for mods [bountiful_critters]
[06mei2025 20:48:23.560] [main/INFO] [mixin/]: Mixing BlockMixin from bountiful_critters.mixins.json into net.minecraft.world.level.block.Block
[06mei2025 20:48:23.640] [main/INFO] [mixin/]: Mixing BlockBehaviorMixin from bountiful_critters.mixins.json into net.minecraft.world.level.block.state.BlockBehaviour
[06mei2025 20:48:23.697] [main/INFO] [mixin/]: Mixing BlockStateMixin from bountiful_critters.mixins.json into net.minecraft.world.level.block.state.BlockBehaviour$BlockStateBase
[06mei2025 20:48:23.704] [main/FATAL] [MixinProcessor/]: /***********************************************************************************************************************************************************************/
[06mei2025 20:48:23.705] [main/FATAL] [MixinProcessor/]: /*                                                                            Invalid Mixin                                                                            */
[06mei2025 20:48:23.705] [main/FATAL] [MixinProcessor/]: /*---------------------------------------------------------------------------------------------------------------------------------------------------------------------*/
[06mei2025 20:48:23.705] [main/FATAL] [MixinProcessor/]: /*     Action : APPLY                                                                                                                                                  */
[06mei2025 20:48:23.705] [main/FATAL] [MixinProcessor/]: /*      Mixin : net.dylanvhs.bountiful_critters.mixin.BlockStateMixin                                                                                                  */
[06mei2025 20:48:23.705] [main/FATAL] [MixinProcessor/]: /*     Config : bountiful_critters.mixins.json                                                                                                                         */
[06mei2025 20:48:23.705] [main/FATAL] [MixinProcessor/]: /*      Phase : DEFAULT                                                                                                                                                */
[06mei2025 20:48:23.705] [main/FATAL] [MixinProcessor/]: /*---------------------------------------------------------------------------------------------------------------------------------------------------------------------*/
[06mei2025 20:48:23.705] [main/FATAL] [MixinProcessor/]: /*     org.spongepowered.asm.mixin.injection.throwables.InvalidInjectionException                                                                                      */
[06mei2025 20:48:23.705] [main/FATAL] [MixinProcessor/]: /*---------------------------------------------------------------------------------------------------------------------------------------------------------------------*/
[06mei2025 20:48:23.705] [main/FATAL] [MixinProcessor/]: /*     Invalid descriptor on                                                                                                                                           */
[06mei2025 20:48:23.705] [main/FATAL] [MixinProcessor/]: /*     bountiful_critters.mixins.json:BlockStateMixin->@Inject::tickPots(Lnet/minecraft/world/level/block/state/BlockState;Lorg/spongepowered/asm/mixin/injection/c    */
[06mei2025 20:48:23.706] [main/FATAL] [MixinProcessor/]: /*     llback/CallbackInfoReturnable;)V! Expected (Lorg/spongepowered/asm/mixin/injection/callback/CallbackInfoReturnable;)V but found                                 */
[06mei2025 20:48:23.706] [main/FATAL] [MixinProcessor/]: /*     (Lnet/minecraft/world/level/block/state/BlockState;Lorg/spongepowered/asm/mixin/injection/callback/CallbackInfoReturnable;)V [INJECT Applicator Phase ->        */
[06mei2025 20:48:23.706] [main/FATAL] [MixinProcessor/]: /*     bountiful_critters.mixins.json:BlockStateMixin -> Apply Injections ->  -> Inject ->                                                                             */
[06mei2025 20:48:23.706] [main/FATAL] [MixinProcessor/]: /*     bountiful_critters.mixins.json:BlockStateMixin->@Inject::tickPots(Lnet/minecraft/world/level/block/state/BlockState;Lorg/spongepowered/asm/mixin/injection/c    */
[06mei2025 20:48:23.706] [main/FATAL] [MixinProcessor/]: /*     llback/CallbackInfoReturnable;)V]                                                                                                                               */
[06mei2025 20:48:23.706] [main/FATAL] [MixinProcessor/]: /*---------------------------------------------------------------------------------------------------------------------------------------------------------------------*/
[06mei2025 20:48:23.706] [main/FATAL] [MixinProcessor/]: /*     org.spongepowered.asm.mixin.injection.throwables.InvalidInjectionException: Invalid descriptor on                                                               */
[06mei2025 20:48:23.706] [main/FATAL] [MixinProcessor/]: /*     bountiful_critters.mixins.json:BlockStateMixin->@Inject::tickPots(Lnet/minecraft/world/level/block/state/BlockState;Lorg/spongepowered/asm/mixin/injection/c    */
[06mei2025 20:48:23.706] [main/FATAL] [MixinProcessor/]: /*     llback/CallbackInfoReturnable;)V! Expected (Lorg/spongepowered/asm/mixin/injection/callback/CallbackInfoReturnable;)V but found                                 */
[06mei2025 20:48:23.706] [main/FATAL] [MixinProcessor/]: /*     (Lnet/minecraft/world/level/block/state/BlockState;Lorg/spongepowered/asm/mixin/injection/callback/CallbackInfoReturnable;)V [INJECT Applicator Phase ->        */
[06mei2025 20:48:23.706] [main/FATAL] [MixinProcessor/]: /*     bountiful_critters.mixins.json:BlockStateMixin -> Apply Injections ->  -> Inject ->                                                                             */
[06mei2025 20:48:23.706] [main/FATAL] [MixinProcessor/]: /*     bountiful_critters.mixins.json:BlockStateMixin->@Inject::tickPots(Lnet/minecraft/world/level/block/state/BlockState;Lorg/spongepowered/asm/mixin/injection/c    */
[06mei2025 20:48:23.706] [main/FATAL] [MixinProcessor/]: /*     llback/CallbackInfoReturnable;)V]                                                                                                                               */
[06mei2025 20:48:23.706] [main/FATAL] [MixinProcessor/]: /*         MC-BOOTSTRAP/org.spongepowered.mixin/org.spongepowered.asm.mixin.injection.callback.CallbackInjector.inject(CallbackInjector.java:517)                      */
[06mei2025 20:48:23.706] [main/FATAL] [MixinProcessor/]: /*         MC-BOOTSTRAP/org.spongepowered.mixin/org.spongepowered.asm.mixin.injection.callback.CallbackInjector.inject(CallbackInjector.java:447)                      */
[06mei2025 20:48:23.707] [main/FATAL] [MixinProcessor/]: /*         MC-BOOTSTRAP/org.spongepowered.mixin/org.spongepowered.asm.mixin.injection.code.Injector.inject(Injector.java:276)                                          */
[06mei2025 20:48:23.707] [main/FATAL] [MixinProcessor/]: /*         MC-BOOTSTRAP/org.spongepowered.mixin/org.spongepowered.asm.mixin.injection.struct.InjectionInfo.inject(InjectionInfo.java:445)                              */
[06mei2025 20:48:23.707] [main/FATAL] [MixinProcessor/]: /*         MC-BOOTSTRAP/org.spongepowered.mixin/org.spongepowered.asm.mixin.transformer.MixinTargetContext.applyInjections(MixinTargetContext.java:1355)               */
[06mei2025 20:48:23.707] [main/FATAL] [MixinProcessor/]: /*         MC-BOOTSTRAP/org.spongepowered.mixin/org.spongepowered.asm.mixin.transformer.MixinApplicatorStandard.applyInjections(MixinApplicatorStandard.java:1051)     */
[06mei2025 20:48:23.707] [main/FATAL] [MixinProcessor/]: /*         MC-BOOTSTRAP/org.spongepowered.mixin/org.spongepowered.asm.mixin.transformer.MixinApplicatorStandard.applyMixin(MixinApplicatorStandard.java:400)           */
[06mei2025 20:48:23.707] [main/FATAL] [MixinProcessor/]: /*         MC-BOOTSTRAP/org.spongepowered.mixin/org.spongepowered.asm.mixin.transformer.MixinApplicatorStandard.apply(MixinApplicatorStandard.java:325)                */
[06mei2025 20:48:23.707] [main/FATAL] [MixinProcessor/]: /*         MC-BOOTSTRAP/org.spongepowered.mixin/org.spongepowered.asm.mixin.transformer.TargetClassContext.apply(TargetClassContext.java:383)                          */
[06mei2025 20:48:23.707] [main/FATAL] [MixinProcessor/]: /*         MC-BOOTSTRAP/org.spongepowered.mixin/org.spongepowered.asm.mixin.transformer.TargetClassContext.applyMixins(TargetClassContext.java:365)                    */
[06mei2025 20:48:23.707] [main/FATAL] [MixinProcessor/]: /*         MC-BOOTSTRAP/org.spongepowered.mixin/org.spongepowered.asm.mixin.transformer.MixinProcessor.applyMixins(MixinProcessor.java:363)                            */
[06mei2025 20:48:23.707] [main/FATAL] [MixinProcessor/]: /*         MC-BOOTSTRAP/org.spongepowered.mixin/org.spongepowered.asm.mixin.transformer.MixinTransformer.transformClass(MixinTransformer.java:250)                     */
[06mei2025 20:48:23.707] [main/FATAL] [MixinProcessor/]: /*         MC-BOOTSTRAP/org.spongepowered.mixin/org.spongepowered.asm.service.modlauncher.MixinTransformationHandler.processClass(MixinTransformationHandler.java:131) */
[06mei2025 20:48:23.707] [main/FATAL] [MixinProcessor/]: /*         MC-BOOTSTRAP/org.spongepowered.mixin/org.spongepowered.asm.launch.MixinLaunchPluginLegacy.processClass(MixinLaunchPluginLegacy.java:131)                    */
[06mei2025 20:48:23.707] [main/FATAL] [MixinProcessor/]: /*         MC-BOOTSTRAP/cpw.mods.modlauncher@10.0.9/cpw.mods.modlauncher.serviceapi.ILaunchPluginService.processClassWithFlags(ILaunchPluginService.java:156)          */
[06mei2025 20:48:23.707] [main/FATAL] [MixinProcessor/]: /*         MC-BOOTSTRAP/cpw.mods.modlauncher@10.0.9/cpw.mods.modlauncher.LaunchPluginHandler.offerClassNodeToPlugins(LaunchPluginHandler.java:88)                      */
[06mei2025 20:48:23.707] [main/FATAL] [MixinProcessor/]: /*         MC-BOOTSTRAP/cpw.mods.modlauncher@10.0.9/cpw.mods.modlauncher.ClassTransformer.transform(ClassTransformer.java:120)                                         */
[06mei2025 20:48:23.707] [main/FATAL] [MixinProcessor/]: /*         MC-BOOTSTRAP/cpw.mods.modlauncher@10.0.9/cpw.mods.modlauncher.TransformingClassLoader.maybeTransformClassBytes(TransformingClassLoader.java:50)             */
[06mei2025 20:48:23.707] [main/FATAL] [MixinProcessor/]: /*         cpw.mods.securejarhandler/cpw.mods.cl.ModuleClassLoader.readerToClass(ModuleClassLoader.java:113)                                                           */
[06mei2025 20:48:23.707] [main/FATAL] [MixinProcessor/]: /*         cpw.mods.securejarhandler/cpw.mods.cl.ModuleClassLoader.lambda$findClass$15(ModuleClassLoader.java:219)                                                     */
[06mei2025 20:48:23.707] [main/FATAL] [MixinProcessor/]: /*         cpw.mods.securejarhandler/cpw.mods.cl.ModuleClassLoader.loadFromModule(ModuleClassLoader.java:229)                                                          */
[06mei2025 20:48:23.708] [main/FATAL] [MixinProcessor/]: /*         cpw.mods.securejarhandler/cpw.mods.cl.ModuleClassLoader.findClass(ModuleClassLoader.java:219)                                                               */
[06mei2025 20:48:23.708] [main/FATAL] [MixinProcessor/]: /*         cpw.mods.securejarhandler/cpw.mods.cl.ModuleClassLoader.loadClass(ModuleClassLoader.java:135)                                                               */
[06mei2025 20:48:23.708] [main/FATAL] [MixinProcessor/]: /*         java.base/java.lang.ClassLoader.loadClass(ClassLoader.java:525)                                                                                             */
[06mei2025 20:48:23.708] [main/FATAL] [MixinProcessor/]: /*         TRANSFORMER/forge@47.2.0/net.minecraftforge.registries.GameData.init(GameData.java:105)                                                                     */
[06mei2025 20:48:23.708] [main/FATAL] [MixinProcessor/]: /*         TRANSFORMER/forge@47.2.0/net.minecraftforge.registries.GameData.<clinit>(GameData.java:90)                                                                  */
[06mei2025 20:48:23.708] [main/FATAL] [MixinProcessor/]: /*         TRANSFORMER/minecraft@1.20.1/net.minecraft.core.registries.BuiltInRegistries.forge(BuiltInRegistries.java:429)                                              */
[06mei2025 20:48:23.708] [main/FATAL] [MixinProcessor/]: /*         TRANSFORMER/minecraft@1.20.1/net.minecraft.core.registries.BuiltInRegistries.forge(BuiltInRegistries.java:409)                                              */
[06mei2025 20:48:23.708] [main/FATAL] [MixinProcessor/]: /*         TRANSFORMER/minecraft@1.20.1/net.minecraft.core.registries.BuiltInRegistries.<clinit>(BuiltInRegistries.java:121)                                           */
[06mei2025 20:48:23.708] [main/FATAL] [MixinProcessor/]: /*         TRANSFORMER/minecraft@1.20.1/net.minecraft.server.Bootstrap.bootStrap(Bootstrap.java:47)                                                                    */
[06mei2025 20:48:23.708] [main/FATAL] [MixinProcessor/]: /*         TRANSFORMER/forge@47.2.0/net.minecraftforge.data.loading.DatagenModLoader.begin(DatagenModLoader.java:42)                                                   */
[06mei2025 20:48:23.708] [main/FATAL] [MixinProcessor/]: /*         TRANSFORMER/minecraft@1.20.1/net.minecraft.data.Main.main(Main.java:90)                                                                                     */
[06mei2025 20:48:23.708] [main/FATAL] [MixinProcessor/]: /*         java.base/jdk.internal.reflect.NativeMethodAccessorImpl.invoke0(Native Method)                                                                              */
[06mei2025 20:48:23.708] [main/FATAL] [MixinProcessor/]: /*         java.base/jdk.internal.reflect.NativeMethodAccessorImpl.invoke(NativeMethodAccessorImpl.java:77)                                                            */
[06mei2025 20:48:23.708] [main/FATAL] [MixinProcessor/]: /*         java.base/jdk.internal.reflect.DelegatingMethodAccessorImpl.invoke(DelegatingMethodAccessorImpl.java:43)                                                    */
[06mei2025 20:48:23.708] [main/FATAL] [MixinProcessor/]: /*         java.base/java.lang.reflect.Method.invoke(Method.java:568)                                                                                                  */
[06mei2025 20:48:23.708] [main/FATAL] [MixinProcessor/]: /*         MC-BOOTSTRAP/fmlloader@1.20.1-47.2.0/net.minecraftforge.fml.loading.targets.CommonLaunchHandler.runTarget(CommonLaunchHandler.java:111)                     */
[06mei2025 20:48:23.708] [main/FATAL] [MixinProcessor/]: /*         MC-BOOTSTRAP/fmlloader@1.20.1-47.2.0/net.minecraftforge.fml.loading.targets.CommonLaunchHandler.dataService(CommonLaunchHandler.java:107)                   */
[06mei2025 20:48:23.708] [main/FATAL] [MixinProcessor/]: /*         MC-BOOTSTRAP/fmlloader@1.20.1-47.2.0/net.minecraftforge.fml.loading.targets.ForgeDataUserdevLaunchHandler.devService(ForgeDataUserdevLaunchHandler.java:22) */
[06mei2025 20:48:23.708] [main/FATAL] [MixinProcessor/]: /*         MC-BOOTSTRAP/fmlloader@1.20.1-47.2.0/net.minecraftforge.fml.loading.targets.CommonDevLaunchHandler.lambda$makeService$7(CommonDevLaunchHandler.java:135)    */
[06mei2025 20:48:23.709] [main/FATAL] [MixinProcessor/]: /*         MC-BOOTSTRAP/cpw.mods.modlauncher@10.0.9/cpw.mods.modlauncher.LaunchServiceHandlerDecorator.launch(LaunchServiceHandlerDecorator.java:30)                   */
[06mei2025 20:48:23.709] [main/FATAL] [MixinProcessor/]: /*         MC-BOOTSTRAP/cpw.mods.modlauncher@10.0.9/cpw.mods.modlauncher.LaunchServiceHandler.launch(LaunchServiceHandler.java:53)                                     */
[06mei2025 20:48:23.709] [main/FATAL] [MixinProcessor/]: /*         MC-BOOTSTRAP/cpw.mods.modlauncher@10.0.9/cpw.mods.modlauncher.LaunchServiceHandler.launch(LaunchServiceHandler.java:71)                                     */
[06mei2025 20:48:23.709] [main/FATAL] [MixinProcessor/]: /*         MC-BOOTSTRAP/cpw.mods.modlauncher@10.0.9/cpw.mods.modlauncher.Launcher.run(Launcher.java:108)                                                               */
[06mei2025 20:48:23.709] [main/FATAL] [MixinProcessor/]: /*         MC-BOOTSTRAP/cpw.mods.modlauncher@10.0.9/cpw.mods.modlauncher.Launcher.main(Launcher.java:78)                                                               */
[06mei2025 20:48:23.709] [main/FATAL] [MixinProcessor/]: /*         MC-BOOTSTRAP/cpw.mods.modlauncher@10.0.9/cpw.mods.modlauncher.BootstrapLaunchConsumer.accept(BootstrapLaunchConsumer.java:26)                               */
[06mei2025 20:48:23.709] [main/FATAL] [MixinProcessor/]: /*         MC-BOOTSTRAP/cpw.mods.modlauncher@10.0.9/cpw.mods.modlauncher.BootstrapLaunchConsumer.accept(BootstrapLaunchConsumer.java:23)                               */
[06mei2025 20:48:23.709] [main/FATAL] [MixinProcessor/]: /*         cpw.mods.bootstraplauncher@1.1.2/cpw.mods.bootstraplauncher.BootstrapLauncher.main(BootstrapLauncher.java:141)                                              */
[06mei2025 20:48:23.709] [main/FATAL] [MixinProcessor/]: /***********************************************************************************************************************************************************************/
[06mei2025 20:48:23.709] [main/FATAL] [mixin/]: Mixin apply failed bountiful_critters.mixins.json:BlockStateMixin -> net.minecraft.world.level.block.state.BlockBehaviour$BlockStateBase: org.spongepowered.asm.mixin.injection.throwables.InvalidInjectionException Invalid descriptor on bountiful_critters.mixins.json:BlockStateMixin->@Inject::tickPots(Lnet/minecraft/world/level/block/state/BlockState;Lorg/spongepowered/asm/mixin/injection/callback/CallbackInfoReturnable;)V! Expected (Lorg/spongepowered/asm/mixin/injection/callback/CallbackInfoReturnable;)V but found (Lnet/minecraft/world/level/block/state/BlockState;Lorg/spongepowered/asm/mixin/injection/callback/CallbackInfoReturnable;)V [INJECT Applicator Phase -> bountiful_critters.mixins.json:BlockStateMixin -> Apply Injections ->  -> Inject -> bountiful_critters.mixins.json:BlockStateMixin->@Inject::tickPots(Lnet/minecraft/world/level/block/state/BlockState;Lorg/spongepowered/asm/mixin/injection/callback/CallbackInfoReturnable;)V]
org.spongepowered.asm.mixin.injection.throwables.InvalidInjectionException: Invalid descriptor on bountiful_critters.mixins.json:BlockStateMixin->@Inject::tickPots(Lnet/minecraft/world/level/block/state/BlockState;Lorg/spongepowered/asm/mixin/injection/callback/CallbackInfoReturnable;)V! Expected (Lorg/spongepowered/asm/mixin/injection/callback/CallbackInfoReturnable;)V but found (Lnet/minecraft/world/level/block/state/BlockState;Lorg/spongepowered/asm/mixin/injection/callback/CallbackInfoReturnable;)V [INJECT Applicator Phase -> bountiful_critters.mixins.json:BlockStateMixin -> Apply Injections ->  -> Inject -> bountiful_critters.mixins.json:BlockStateMixin->@Inject::tickPots(Lnet/minecraft/world/level/block/state/BlockState;Lorg/spongepowered/asm/mixin/injection/callback/CallbackInfoReturnable;)V]
	at org.spongepowered.asm.mixin.injection.callback.CallbackInjector.inject(CallbackInjector.java:517) ~[mixin-0.8.5.jar:0.8.5+Jenkins-b310.git-155314e6e91465dad727e621a569906a410cd6f4]
	at org.spongepowered.asm.mixin.injection.callback.CallbackInjector.inject(CallbackInjector.java:447) ~[mixin-0.8.5.jar:0.8.5+Jenkins-b310.git-155314e6e91465dad727e621a569906a410cd6f4]
	at org.spongepowered.asm.mixin.injection.code.Injector.inject(Injector.java:276) ~[mixin-0.8.5.jar:0.8.5+Jenkins-b310.git-155314e6e91465dad727e621a569906a410cd6f4]
	at org.spongepowered.asm.mixin.injection.struct.InjectionInfo.inject(InjectionInfo.java:445) ~[mixin-0.8.5.jar:0.8.5+Jenkins-b310.git-155314e6e91465dad727e621a569906a410cd6f4]
	at org.spongepowered.asm.mixin.transformer.MixinTargetContext.applyInjections(MixinTargetContext.java:1355) ~[mixin-0.8.5.jar:0.8.5+Jenkins-b310.git-155314e6e91465dad727e621a569906a410cd6f4]
	at org.spongepowered.asm.mixin.transformer.MixinApplicatorStandard.applyInjections(MixinApplicatorStandard.java:1051) ~[mixin-0.8.5.jar:0.8.5+Jenkins-b310.git-155314e6e91465dad727e621a569906a410cd6f4]
	at org.spongepowered.asm.mixin.transformer.MixinApplicatorStandard.applyMixin(MixinApplicatorStandard.java:400) ~[mixin-0.8.5.jar:0.8.5+Jenkins-b310.git-155314e6e91465dad727e621a569906a410cd6f4]
	at org.spongepowered.asm.mixin.transformer.MixinApplicatorStandard.apply(MixinApplicatorStandard.java:325) ~[mixin-0.8.5.jar:0.8.5+Jenkins-b310.git-155314e6e91465dad727e621a569906a410cd6f4]
	at org.spongepowered.asm.mixin.transformer.TargetClassContext.apply(TargetClassContext.java:383) ~[mixin-0.8.5.jar:0.8.5+Jenkins-b310.git-155314e6e91465dad727e621a569906a410cd6f4]
	at org.spongepowered.asm.mixin.transformer.TargetClassContext.applyMixins(TargetClassContext.java:365) ~[mixin-0.8.5.jar:0.8.5+Jenkins-b310.git-155314e6e91465dad727e621a569906a410cd6f4]
	at org.spongepowered.asm.mixin.transformer.MixinProcessor.applyMixins(MixinProcessor.java:363) ~[mixin-0.8.5.jar:0.8.5+Jenkins-b310.git-155314e6e91465dad727e621a569906a410cd6f4]
	at org.spongepowered.asm.mixin.transformer.MixinTransformer.transformClass(MixinTransformer.java:250) ~[mixin-0.8.5.jar:0.8.5+Jenkins-b310.git-155314e6e91465dad727e621a569906a410cd6f4]
	at org.spongepowered.asm.service.modlauncher.MixinTransformationHandler.processClass(MixinTransformationHandler.java:131) ~[mixin-0.8.5.jar:0.8.5+Jenkins-b310.git-155314e6e91465dad727e621a569906a410cd6f4]
	at org.spongepowered.asm.launch.MixinLaunchPluginLegacy.processClass(MixinLaunchPluginLegacy.java:131) ~[mixin-0.8.5.jar:0.8.5+Jenkins-b310.git-155314e6e91465dad727e621a569906a410cd6f4]
	at cpw.mods.modlauncher.serviceapi.ILaunchPluginService.processClassWithFlags(ILaunchPluginService.java:156) ~[modlauncher-10.0.9.jar:10.0.9+10.0.9+main.dcd20f30]
	at cpw.mods.modlauncher.LaunchPluginHandler.offerClassNodeToPlugins(LaunchPluginHandler.java:88) ~[modlauncher-10.0.9.jar:?]
	at cpw.mods.modlauncher.ClassTransformer.transform(ClassTransformer.java:120) ~[modlauncher-10.0.9.jar:?]
	at cpw.mods.modlauncher.TransformingClassLoader.maybeTransformClassBytes(TransformingClassLoader.java:50) ~[modlauncher-10.0.9.jar:?]
	at cpw.mods.cl.ModuleClassLoader.readerToClass(ModuleClassLoader.java:113) ~[securejarhandler-2.1.10.jar:?]
	at cpw.mods.cl.ModuleClassLoader.lambda$findClass$15(ModuleClassLoader.java:219) ~[securejarhandler-2.1.10.jar:?]
	at cpw.mods.cl.ModuleClassLoader.loadFromModule(ModuleClassLoader.java:229) ~[securejarhandler-2.1.10.jar:?]
	at cpw.mods.cl.ModuleClassLoader.findClass(ModuleClassLoader.java:219) ~[securejarhandler-2.1.10.jar:?]
	at cpw.mods.cl.ModuleClassLoader.loadClass(ModuleClassLoader.java:135) ~[securejarhandler-2.1.10.jar:?]
	at java.lang.ClassLoader.loadClass(ClassLoader.java:525) ~[?:?]
	at net.minecraftforge.registries.GameData.init(GameData.java:105) ~[forge-1.20.1-47.2.0_mapped_parchment_2023.06.26-1.20.1-recomp.jar:?]
	at net.minecraftforge.registries.GameData.<clinit>(GameData.java:90) ~[forge-1.20.1-47.2.0_mapped_parchment_2023.06.26-1.20.1-recomp.jar:?]
	at net.minecraft.core.registries.BuiltInRegistries.forge(BuiltInRegistries.java:429) ~[forge-1.20.1-47.2.0_mapped_parchment_2023.06.26-1.20.1-recomp.jar:?]
	at net.minecraft.core.registries.BuiltInRegistries.forge(BuiltInRegistries.java:409) ~[forge-1.20.1-47.2.0_mapped_parchment_2023.06.26-1.20.1-recomp.jar:?]
	at net.minecraft.core.registries.BuiltInRegistries.<clinit>(BuiltInRegistries.java:121) ~[forge-1.20.1-47.2.0_mapped_parchment_2023.06.26-1.20.1-recomp.jar:?]
	at net.minecraft.server.Bootstrap.bootStrap(Bootstrap.java:47) ~[forge-1.20.1-47.2.0_mapped_parchment_2023.06.26-1.20.1-recomp.jar:?]
	at net.minecraftforge.data.loading.DatagenModLoader.begin(DatagenModLoader.java:42) ~[forge-1.20.1-47.2.0_mapped_parchment_2023.06.26-1.20.1-recomp.jar:?]
	at net.minecraft.data.Main.main(Main.java:90) ~[forge-1.20.1-47.2.0_mapped_parchment_2023.06.26-1.20.1-recomp.jar:?]
	at jdk.internal.reflect.NativeMethodAccessorImpl.invoke0(Native Method) ~[?:?]
	at jdk.internal.reflect.NativeMethodAccessorImpl.invoke(NativeMethodAccessorImpl.java:77) ~[?:?]
	at jdk.internal.reflect.DelegatingMethodAccessorImpl.invoke(DelegatingMethodAccessorImpl.java:43) ~[?:?]
	at java.lang.reflect.Method.invoke(Method.java:568) ~[?:?]
	at net.minecraftforge.fml.loading.targets.CommonLaunchHandler.runTarget(CommonLaunchHandler.java:111) ~[fmlloader-1.20.1-47.2.0.jar:?]
	at net.minecraftforge.fml.loading.targets.CommonLaunchHandler.dataService(CommonLaunchHandler.java:107) ~[fmlloader-1.20.1-47.2.0.jar:?]
	at net.minecraftforge.fml.loading.targets.ForgeDataUserdevLaunchHandler.devService(ForgeDataUserdevLaunchHandler.java:22) ~[fmlloader-1.20.1-47.2.0.jar:?]
	at net.minecraftforge.fml.loading.targets.CommonDevLaunchHandler.lambda$makeService$7(CommonDevLaunchHandler.java:135) ~[fmlloader-1.20.1-47.2.0.jar:?]
	at cpw.mods.modlauncher.LaunchServiceHandlerDecorator.launch(LaunchServiceHandlerDecorator.java:30) ~[modlauncher-10.0.9.jar:?]
	at cpw.mods.modlauncher.LaunchServiceHandler.launch(LaunchServiceHandler.java:53) ~[modlauncher-10.0.9.jar:?]
	at cpw.mods.modlauncher.LaunchServiceHandler.launch(LaunchServiceHandler.java:71) ~[modlauncher-10.0.9.jar:?]
	at cpw.mods.modlauncher.Launcher.run(Launcher.java:108) ~[modlauncher-10.0.9.jar:?]
	at cpw.mods.modlauncher.Launcher.main(Launcher.java:78) ~[modlauncher-10.0.9.jar:?]
	at cpw.mods.modlauncher.BootstrapLaunchConsumer.accept(BootstrapLaunchConsumer.java:26) ~[modlauncher-10.0.9.jar:?]
	at cpw.mods.modlauncher.BootstrapLaunchConsumer.accept(BootstrapLaunchConsumer.java:23) ~[modlauncher-10.0.9.jar:?]
	at cpw.mods.bootstraplauncher.BootstrapLauncher.main(BootstrapLauncher.java:141) ~[bootstraplauncher-1.1.2.jar:?]
